<?xml version="1.0" encoding="UTF-8"?>
<!-- Generated by org.testng.reporters.JUnitXMLReporter -->
<testsuite ignored="1" hostname="DESKTOP-EVK9GMC" failures="0" tests="4" name="Default test" time="0.137" errors="0" timestamp="2021-02-09T07:29:59 IST">
  <testcase classname="testNg.whatsup" name="chats" time="0.035"/>
  <testcase classname="testNg.whatsup" name="chats" time="0.004"/>
  <testcase classname="testNg.whatsup" name="chats" time="0.005"/>
  <testcase classname="testNg.whatsup" name="settings" time="0.002"/>
  <testcase classname="testNg.whatsup" name="calls" time="0.0">
    <ignored/>
  </testcase> <!-- calls -->
</testsuite> <!-- Default test -->
