<?xml version="1.0" encoding="UTF-8"?>
<testng-results ignored="1" total="5" passed="4" failed="0" skipped="0">
  <reporter-output>
    <line>
      <![CDATA[chats,true]]>
    </line>
    <line>
      <![CDATA[chats,true]]>
    </line>
    <line>
      <![CDATA[chats,true]]>
    </line>
    <line>
      <![CDATA[settings,true]]>
    </line>
  </reporter-output>
  <suite started-at="2021-02-09T07:29:59 IST" name="Default suite" finished-at="2021-02-09T07:29:59 IST" duration-ms="137">
    <groups>
    </groups>
    <test started-at="2021-02-09T07:29:59 IST" name="Default test" finished-at="2021-02-09T07:29:59 IST" duration-ms="137">
      <class name="testNg.whatsup">
        <test-method signature="chats()[pri:0, instance:testNg.whatsup@672872e1]" started-at="2021-02-09T07:29:59 IST" name="chats" finished-at="2021-02-09T07:29:59 IST" duration-ms="35" status="PASS">
          <reporter-output>
            <line>
              <![CDATA[chats,true]]>
            </line>
          </reporter-output>
        </test-method> <!-- chats -->
        <test-method signature="chats()[pri:0, instance:testNg.whatsup@672872e1]" started-at="2021-02-09T07:29:59 IST" name="chats" finished-at="2021-02-09T07:29:59 IST" duration-ms="4" status="PASS">
          <reporter-output>
            <line>
              <![CDATA[chats,true]]>
            </line>
          </reporter-output>
        </test-method> <!-- chats -->
        <test-method signature="chats()[pri:0, instance:testNg.whatsup@672872e1]" started-at="2021-02-09T07:29:59 IST" name="chats" finished-at="2021-02-09T07:29:59 IST" duration-ms="5" status="PASS">
          <reporter-output>
            <line>
              <![CDATA[chats,true]]>
            </line>
          </reporter-output>
        </test-method> <!-- chats -->
        <test-method signature="settings()[pri:1, instance:testNg.whatsup@672872e1]" started-at="2021-02-09T07:29:59 IST" name="settings" finished-at="2021-02-09T07:29:59 IST" duration-ms="2" status="PASS">
          <reporter-output>
            <line>
              <![CDATA[settings,true]]>
            </line>
          </reporter-output>
        </test-method> <!-- settings -->
      </class> <!-- testNg.whatsup -->
    </test> <!-- Default test -->
  </suite> <!-- Default suite -->
</testng-results>
