<?xml version="1.0" encoding="UTF-8"?>
<testng-results ignored="0" total="2" passed="2" failed="0" skipped="0">
  <reporter-output>
    <line>
      <![CDATA[Facebook – log in or sign up]]>
    </line>
    <line>
      <![CDATA[https://www.facebook.com/]]>
    </line>
    <line>
      <![CDATA[]]>
    </line>
    <line>
      <![CDATA[https://www.facebook.com/login/?privacy_mutation_token=eyJ0eXBlIjowLCJjcmVhdGlvbl90aW1lIjoxNjEyOTIyNTgzLCJjYWxsc2l0ZV9pZCI6MzgxMjI5MDc5NTc1OTQ2fQ%3D%3D]]>
    </line>
    <line>
      <![CDATA[Facebook – log in or sign up]]>
    </line>
    <line>
      <![CDATA[https://www.facebook.com/login/?privacy_mutation_token=eyJ0eXBlIjowLCJjcmVhdGlvbl90aW1lIjoxNjEyOTIyNTg0LCJjYWxsc2l0ZV9pZCI6MzgxMjI5MDc5NTc1OTQ2fQ%3D%3D]]>
    </line>
  </reporter-output>
  <suite started-at="2021-02-10T07:32:54 IST" name="Suite" finished-at="2021-02-10T07:33:40 IST" duration-ms="45724">
    <groups>
    </groups>
    <test started-at="2021-02-10T07:32:54 IST" name="Test1" finished-at="2021-02-10T07:33:40 IST" duration-ms="45327">
      <class name="testNg.Parallel">
        <test-method is-config="true" signature="openapp()[pri:0, instance:testNg.Parallel@343570b7]" started-at="2021-02-10T07:32:54 IST" name="openapp" finished-at="2021-02-10T07:32:54 IST" duration-ms="12" status="PASS">
          <reporter-output>
          </reporter-output>
        </test-method> <!-- openapp -->
        <test-method signature="login(java.lang.String)[pri:0, instance:testNg.Parallel@343570b7]" started-at="2021-02-10T07:32:54 IST" name="login" finished-at="2021-02-10T07:33:39 IST" duration-ms="44885" status="PASS">
          <params>
            <param index="0">
              <value>
                <![CDATA[chrome]]>
              </value>
            </param>
          </params>
          <reporter-output>
            <line>
              <![CDATA[Facebook – log in or sign up]]>
            </line>
            <line>
              <![CDATA[https://www.facebook.com/login/?privacy_mutation_token=eyJ0eXBlIjowLCJjcmVhdGlvbl90aW1lIjoxNjEyOTIyNTg0LCJjYWxsc2l0ZV9pZCI6MzgxMjI5MDc5NTc1OTQ2fQ%3D%3D]]>
            </line>
          </reporter-output>
        </test-method> <!-- login -->
        <test-method is-config="true" signature="closeapp()[pri:0, instance:testNg.Parallel@343570b7]" started-at="2021-02-10T07:33:39 IST" name="closeapp" finished-at="2021-02-10T07:33:40 IST" duration-ms="352" status="PASS">
          <reporter-output>
          </reporter-output>
        </test-method> <!-- closeapp -->
      </class> <!-- testNg.Parallel -->
    </test> <!-- Test1 -->
    <test started-at="2021-02-10T07:32:54 IST" name="Test3" finished-at="2021-02-10T07:33:40 IST" duration-ms="45723">
      <class name="testNg.Parallel">
        <test-method is-config="true" signature="openapp()[pri:0, instance:testNg.Parallel@2892dae4]" started-at="2021-02-10T07:32:54 IST" name="openapp" finished-at="2021-02-10T07:32:54 IST" duration-ms="13" status="PASS">
          <reporter-output>
          </reporter-output>
        </test-method> <!-- openapp -->
        <test-method signature="login(java.lang.String)[pri:0, instance:testNg.Parallel@2892dae4]" started-at="2021-02-10T07:32:54 IST" name="login" finished-at="2021-02-10T07:33:39 IST" duration-ms="44664" status="PASS">
          <params>
            <param index="0">
              <value>
                <![CDATA[chrome]]>
              </value>
            </param>
          </params>
          <reporter-output>
            <line>
              <![CDATA[]]>
            </line>
            <line>
              <![CDATA[https://www.facebook.com/login/?privacy_mutation_token=eyJ0eXBlIjowLCJjcmVhdGlvbl90aW1lIjoxNjEyOTIyNTgzLCJjYWxsc2l0ZV9pZCI6MzgxMjI5MDc5NTc1OTQ2fQ%3D%3D]]>
            </line>
          </reporter-output>
        </test-method> <!-- login -->
        <test-method is-config="true" signature="closeapp()[pri:0, instance:testNg.Parallel@2892dae4]" started-at="2021-02-10T07:33:39 IST" name="closeapp" finished-at="2021-02-10T07:33:40 IST" duration-ms="977" status="PASS">
          <reporter-output>
          </reporter-output>
        </test-method> <!-- closeapp -->
      </class> <!-- testNg.Parallel -->
    </test> <!-- Test3 -->
  </suite> <!-- Suite -->
</testng-results>
